<?xml version="1.0" encoding="UTF-8"?>
<testsuite name="runners.RunnersTest" time="16.197" tests="1" errors="1" skipped="0" failures="0">
  <properties>
    <property name="java.runtime.name" value="Java(TM) SE Runtime Environment"/>
    <property name="sun.boot.library.path" value="C:\Program Files\Java\jdk1.8.0_201\jre\bin"/>
    <property name="java.vm.version" value="25.201-b09"/>
    <property name="java.vm.vendor" value="Oracle Corporation"/>
    <property name="maven.multiModuleProjectDirectory" value="C:\Users\Auditeste0192\Desktop\CRM_Automaçao"/>
    <property name="java.vendor.url" value="http://java.oracle.com/"/>
    <property name="path.separator" value=";"/>
    <property name="guice.disable.misplaced.annotation.check" value="true"/>
    <property name="java.vm.name" value="Java HotSpot(TM) 64-Bit Server VM"/>
    <property name="file.encoding.pkg" value="sun.io"/>
    <property name="user.script" value=""/>
    <property name="user.country" value="BR"/>
    <property name="sun.java.launcher" value="SUN_STANDARD"/>
    <property name="sun.os.patch.level" value=""/>
    <property name="java.vm.specification.name" value="Java Virtual Machine Specification"/>
    <property name="user.dir" value="C:\Users\Auditeste0192\Desktop\CRM_Automaçao"/>
    <property name="java.runtime.version" value="1.8.0_201-b09"/>
    <property name="java.awt.graphicsenv" value="sun.awt.Win32GraphicsEnvironment"/>
    <property name="java.endorsed.dirs" value="C:\Program Files\Java\jdk1.8.0_201\jre\lib\endorsed"/>
    <property name="os.arch" value="amd64"/>
    <property name="java.io.tmpdir" value="C:\Users\AUDITE~1\AppData\Local\Temp\"/>
    <property name="line.separator" value="&#10;"/>
    <property name="java.vm.specification.vendor" value="Oracle Corporation"/>
    <property name="user.variant" value=""/>
    <property name="os.name" value="Windows 10"/>
    <property name="classworlds.conf" value="C:\ProjetoCRM\.metadata\.plugins\org.eclipse.m2e.launching\launches\m2conf7152252223987259509.tmp"/>
    <property name="sun.jnu.encoding" value="Cp1252"/>
    <property name="java.library.path" value="C:\Program Files\Java\jdk1.8.0_201\bin;C:\WINDOWS\Sun\Java\bin;C:\WINDOWS\system32;C:\WINDOWS;C:/Program Files/Java/jdk1.8.0_201/bin/../jre/bin/server;C:/Program Files/Java/jdk1.8.0_201/bin/../jre/bin;C:/Program Files/Java/jdk1.8.0_201/bin/../jre/lib/amd64;C:\Users\Public\Drivers\chromedriver.exe;C:\WINDOWS\system32;C:\WINDOWS;C:\WINDOWS\System32\Wbem;C:\WINDOWS\System32\WindowsPowerShell\v1.0\;C:\Program Files\Java\jdk1.8.0_201\bin;C:\Program Files\Git\cmd;C:\Program Files\nodejs\;C:\Program Files\dotnet\;C:\Program Files (x86)\Android\android-sdk;C:\Program Files (x86)\Android\android-sdk\build-tools;C:\Program Files (x86)\Android\android-sdk\emulator;C:\Program Files\Android\jdk\microsoft_dist_openjdk_1.8.0.25;C:\Program Files (x86)\Android\android-sdk\platform-tools;C:\WINDOWS\System32\OpenSSH\;C:\oracle\Ora10g\bin;C:\Users\Auditeste0192\AppData\Local\Microsoft\WindowsApps;C:\Users\Auditeste0192\AppData\Roaming\npm;;C:\Users\Auditeste0192\Desktop\eclipse;;."/>
    <property name="java.specification.name" value="Java Platform API Specification"/>
    <property name="java.class.version" value="52.0"/>
    <property name="sun.management.compiler" value="HotSpot 64-Bit Tiered Compilers"/>
    <property name="os.version" value="10.0"/>
    <property name="user.home" value="C:\Users\Auditeste0192"/>
    <property name="user.timezone" value="America/Sao_Paulo"/>
    <property name="java.awt.printerjob" value="sun.awt.windows.WPrinterJob"/>
    <property name="java.specification.version" value="1.8"/>
    <property name="file.encoding" value="Cp1252"/>
    <property name="user.name" value="Auditeste0192"/>
    <property name="java.class.path" value="/C:/Users/Auditeste0192/Desktop/eclipse/plugins/org.eclipse.m2e.maven.runtime_1.7.0.20160603-1931/jars/plexus-classworlds-2.5.2.jar"/>
    <property name="java.vm.specification.version" value="1.8"/>
    <property name="sun.arch.data.model" value="64"/>
    <property name="java.home" value="C:\Program Files\Java\jdk1.8.0_201\jre"/>
    <property name="sun.java.command" value="org.codehaus.plexus.classworlds.launcher.Launcher -B install"/>
    <property name="java.specification.vendor" value="Oracle Corporation"/>
    <property name="user.language" value="pt"/>
    <property name="awt.toolkit" value="sun.awt.windows.WToolkit"/>
    <property name="java.vm.info" value="mixed mode"/>
    <property name="java.version" value="1.8.0_201"/>
    <property name="java.ext.dirs" value="C:\Program Files\Java\jdk1.8.0_201\jre\lib\ext;C:\WINDOWS\Sun\Java\lib\ext"/>
    <property name="sun.boot.class.path" value="C:\Program Files\Java\jdk1.8.0_201\jre\lib\resources.jar;C:\Program Files\Java\jdk1.8.0_201\jre\lib\rt.jar;C:\Program Files\Java\jdk1.8.0_201\jre\lib\sunrsasign.jar;C:\Program Files\Java\jdk1.8.0_201\jre\lib\jsse.jar;C:\Program Files\Java\jdk1.8.0_201\jre\lib\jce.jar;C:\Program Files\Java\jdk1.8.0_201\jre\lib\charsets.jar;C:\Program Files\Java\jdk1.8.0_201\jre\lib\jfr.jar;C:\Program Files\Java\jdk1.8.0_201\jre\classes"/>
    <property name="java.vendor" value="Oracle Corporation"/>
    <property name="maven.home" value="C:\Users\Auditeste0192\Desktop\CRM_Automaçao\EMBEDDED"/>
    <property name="file.separator" value="\"/>
    <property name="java.vendor.url.bug" value="http://bugreport.sun.com/bugreport/"/>
    <property name="sun.cpu.endian" value="little"/>
    <property name="sun.io.unicode.encoding" value="UnicodeLittle"/>
    <property name="sun.desktop" value="windows"/>
    <property name="sun.cpu.isalist" value="amd64"/>
  </properties>
  <testcase name="Criar ocorrencia Secundaria" classname="Login CRM" time="16.197">
    <error message="The document has been closed. You can&apos;t add any Elements.&#10;com.itextpdf.text.Document.add(Document.java:267)&#10;utils.evidencia.Evidencia.insertPrint(Evidencia.java:98)&#10;utils.evidencia.Evidencia.addPrintPassed(Evidencia.java:148)&#10;pageobject.CRMPage.ClickBtnEntrar(CRMPage.java:56)&#10;steps.CRMStepsTest.QuandoCLicarEmEntrar(CRMStepsTest.java:29)&#10;sun.reflect.NativeMethodAccessorImpl.invoke0(Native Method)&#10;sun.reflect.NativeMethodAccessorImpl.invoke(NativeMethodAccessorImpl.java:62)&#10;sun.reflect.DelegatingMethodAccessorImpl.invoke(DelegatingMethodAccessorImpl.java:43)&#10;java.lang.reflect.Method.invoke(Method.java:498)&#10;cucumber.runtime.Utils$1.call(Utils.java:26)&#10;cucumber.runtime.Timeout.timeout(Timeout.java:16)&#10;cucumber.runtime.Utils.invoke(Utils.java:20)&#10;cucumber.runtime.java.JavaStepDefinition.execute(JavaStepDefinition.java:48)&#10;cucumber.runtime.PickleStepDefinitionMatch.runStep(PickleStepDefinitionMatch.java:50)&#10;cucumber.runner.TestStep.executeStep(TestStep.java:55)&#10;cucumber.runner.TestStep.run(TestStep.java:42)&#10;cucumber.runner.PickleStepTestStep.run(PickleStepTestStep.java:53)&#10;cucumber.runner.TestCase.run(TestCase.java:47)&#10;cucumber.runner.Runner.runPickle(Runner.java:44)&#10;cucumber.runtime.junit.PickleRunners$NoStepDescriptions.run(PickleRunners.java:140)&#10;cucumber.runtime.junit.FeatureRunner.runChild(FeatureRunner.java:68)&#10;cucumber.runtime.junit.FeatureRunner.runChild(FeatureRunner.java:23)&#10;org.junit.runners.ParentRunner$3.run(ParentRunner.java:290)&#10;org.junit.runners.ParentRunner$1.schedule(ParentRunner.java:71)&#10;org.junit.runners.ParentRunner.runChildren(ParentRunner.java:288)&#10;org.junit.runners.ParentRunner.access$000(ParentRunner.java:58)&#10;org.junit.runners.ParentRunner$2.evaluate(ParentRunner.java:268)&#10;org.junit.runners.ParentRunner.run(ParentRunner.java:363)&#10;cucumber.runtime.junit.FeatureRunner.run(FeatureRunner.java:73)&#10;cucumber.api.junit.Cucumber.runChild(Cucumber.java:98)&#10;cucumber.api.junit.Cucumber.runChild(Cucumber.java:55)&#10;org.junit.runners.ParentRunner$3.run(ParentRunner.java:290)&#10;org.junit.runners.ParentRunner$1.schedule(ParentRunner.java:71)&#10;org.junit.runners.ParentRunner.runChildren(ParentRunner.java:288)&#10;org.junit.runners.ParentRunner.access$000(ParentRunner.java:58)&#10;org.junit.runners.ParentRunner$2.evaluate(ParentRunner.java:268)&#10;cucumber.api.junit.Cucumber$1.evaluate(Cucumber.java:107)&#10;org.junit.runners.ParentRunner.run(ParentRunner.java:363)&#10;org.apache.maven.surefire.junit4.JUnit4Provider.execute(JUnit4Provider.java:283)&#10;org.apache.maven.surefire.junit4.JUnit4Provider.executeWithRerun(JUnit4Provider.java:173)&#10;org.apache.maven.surefire.junit4.JUnit4Provider.executeTestSet(JUnit4Provider.java:153)&#10;org.apache.maven.surefire.junit4.JUnit4Provider.invoke(JUnit4Provider.java:128)&#10;org.apache.maven.surefire.booter.ForkedBooter.invokeProviderInSameClassLoader(ForkedBooter.java:203)&#10;org.apache.maven.surefire.booter.ForkedBooter.runSuitesInProcess(ForkedBooter.java:155)&#10;org.apache.maven.surefire.booter.ForkedBooter.main(ForkedBooter.java:103)&#10;" type="utils.exceptions.ValidateException">utils.exceptions.ValidateException: The document has been closed. You can't add any Elements.
com.itextpdf.text.Document.add(Document.java:267)
utils.evidencia.Evidencia.insertPrint(Evidencia.java:98)
utils.evidencia.Evidencia.addPrintPassed(Evidencia.java:148)
pageobject.CRMPage.ClickBtnEntrar(CRMPage.java:56)
steps.CRMStepsTest.QuandoCLicarEmEntrar(CRMStepsTest.java:29)
sun.reflect.NativeMethodAccessorImpl.invoke0(Native Method)
sun.reflect.NativeMethodAccessorImpl.invoke(NativeMethodAccessorImpl.java:62)
sun.reflect.DelegatingMethodAccessorImpl.invoke(DelegatingMethodAccessorImpl.java:43)
java.lang.reflect.Method.invoke(Method.java:498)
cucumber.runtime.Utils$1.call(Utils.java:26)
cucumber.runtime.Timeout.timeout(Timeout.java:16)
cucumber.runtime.Utils.invoke(Utils.java:20)
cucumber.runtime.java.JavaStepDefinition.execute(JavaStepDefinition.java:48)
cucumber.runtime.PickleStepDefinitionMatch.runStep(PickleStepDefinitionMatch.java:50)
cucumber.runner.TestStep.executeStep(TestStep.java:55)
cucumber.runner.TestStep.run(TestStep.java:42)
cucumber.runner.PickleStepTestStep.run(PickleStepTestStep.java:53)
cucumber.runner.TestCase.run(TestCase.java:47)
cucumber.runner.Runner.runPickle(Runner.java:44)
cucumber.runtime.junit.PickleRunners$NoStepDescriptions.run(PickleRunners.java:140)
cucumber.runtime.junit.FeatureRunner.runChild(FeatureRunner.java:68)
cucumber.runtime.junit.FeatureRunner.runChild(FeatureRunner.java:23)
org.junit.runners.ParentRunner$3.run(ParentRunner.java:290)
org.junit.runners.ParentRunner$1.schedule(ParentRunner.java:71)
org.junit.runners.ParentRunner.runChildren(ParentRunner.java:288)
org.junit.runners.ParentRunner.access$000(ParentRunner.java:58)
org.junit.runners.ParentRunner$2.evaluate(ParentRunner.java:268)
org.junit.runners.ParentRunner.run(ParentRunner.java:363)
cucumber.runtime.junit.FeatureRunner.run(FeatureRunner.java:73)
cucumber.api.junit.Cucumber.runChild(Cucumber.java:98)
cucumber.api.junit.Cucumber.runChild(Cucumber.java:55)
org.junit.runners.ParentRunner$3.run(ParentRunner.java:290)
org.junit.runners.ParentRunner$1.schedule(ParentRunner.java:71)
org.junit.runners.ParentRunner.runChildren(ParentRunner.java:288)
org.junit.runners.ParentRunner.access$000(ParentRunner.java:58)
org.junit.runners.ParentRunner$2.evaluate(ParentRunner.java:268)
cucumber.api.junit.Cucumber$1.evaluate(Cucumber.java:107)
org.junit.runners.ParentRunner.run(ParentRunner.java:363)
org.apache.maven.surefire.junit4.JUnit4Provider.execute(JUnit4Provider.java:283)
org.apache.maven.surefire.junit4.JUnit4Provider.executeWithRerun(JUnit4Provider.java:173)
org.apache.maven.surefire.junit4.JUnit4Provider.executeTestSet(JUnit4Provider.java:153)
org.apache.maven.surefire.junit4.JUnit4Provider.invoke(JUnit4Provider.java:128)
org.apache.maven.surefire.booter.ForkedBooter.invokeProviderInSameClassLoader(ForkedBooter.java:203)
org.apache.maven.surefire.booter.ForkedBooter.runSuitesInProcess(ForkedBooter.java:155)
org.apache.maven.surefire.booter.ForkedBooter.main(ForkedBooter.java:103)

	at utils.exceptions.ExceptionUtils.throwException(ExceptionUtils.java:19)
	at utils.evidencia.Evidencia.insertPrint(Evidencia.java:100)
	at utils.evidencia.Evidencia.addPrintPassed(Evidencia.java:148)
	at pageobject.CRMPage.ClickBtnEntrar(CRMPage.java:56)
	at steps.CRMStepsTest.QuandoCLicarEmEntrar(CRMStepsTest.java:29)
	at ✽.clicar em entrar(features/feature/CRM.feature:12)
</error>
    <system-out><![CDATA[Funcionalidade: Login CRM
    		 login realizado com sucesso

  Fundo: Login                      # features/feature/CRM.feature:8
    Dado que acesse o portal do CRM # CRMStepsTest.queaccessooPortalCRM()
    Dado que preencha Login         # CRMStepsTest.QuePreenchaLogin()
    E preencha a senha              # CRMStepsTest.QuePreenchaSenha()
20-09-2019 12:11:33 ERROR utils.exceptions.ExceptionUtils - The document has been closed. You can't add any Elements.
com.itextpdf.text.Document.add(Document.java:267)
utils.evidencia.Evidencia.insertPrint(Evidencia.java:98)
utils.evidencia.Evidencia.addPrintPassed(Evidencia.java:148)
pageobject.CRMPage.ClickBtnEntrar(CRMPage.java:56)
steps.CRMStepsTest.QuandoCLicarEmEntrar(CRMStepsTest.java:29)
sun.reflect.NativeMethodAccessorImpl.invoke0(Native Method)
sun.reflect.NativeMethodAccessorImpl.invoke(NativeMethodAccessorImpl.java:62)
sun.reflect.DelegatingMethodAccessorImpl.invoke(DelegatingMethodAccessorImpl.java:43)
java.lang.reflect.Method.invoke(Method.java:498)
cucumber.runtime.Utils$1.call(Utils.java:26)
cucumber.runtime.Timeout.timeout(Timeout.java:16)
cucumber.runtime.Utils.invoke(Utils.java:20)
cucumber.runtime.java.JavaStepDefinition.execute(JavaStepDefinition.java:48)
cucumber.runtime.PickleStepDefinitionMatch.runStep(PickleStepDefinitionMatch.java:50)
cucumber.runner.TestStep.executeStep(TestStep.java:55)
cucumber.runner.TestStep.run(TestStep.java:42)
cucumber.runner.PickleStepTestStep.run(PickleStepTestStep.java:53)
cucumber.runner.TestCase.run(TestCase.java:47)
cucumber.runner.Runner.runPickle(Runner.java:44)
cucumber.runtime.junit.PickleRunners$NoStepDescriptions.run(PickleRunners.java:140)
cucumber.runtime.junit.FeatureRunner.runChild(FeatureRunner.java:68)
cucumber.runtime.junit.FeatureRunner.runChild(FeatureRunner.java:23)
org.junit.runners.ParentRunner$3.run(ParentRunner.java:290)
org.junit.runners.ParentRunner$1.schedule(ParentRunner.java:71)
org.junit.runners.ParentRunner.runChildren(ParentRunner.java:288)
org.junit.runners.ParentRunner.access$000(ParentRunner.java:58)
org.junit.runners.ParentRunner$2.evaluate(ParentRunner.java:268)
org.junit.runners.ParentRunner.run(ParentRunner.java:363)
cucumber.runtime.junit.FeatureRunner.run(FeatureRunner.java:73)
cucumber.api.junit.Cucumber.runChild(Cucumber.java:98)
cucumber.api.junit.Cucumber.runChild(Cucumber.java:55)
org.junit.runners.ParentRunner$3.run(ParentRunner.java:290)
org.junit.runners.ParentRunner$1.schedule(ParentRunner.java:71)
org.junit.runners.ParentRunner.runChildren(ParentRunner.java:288)
org.junit.runners.ParentRunner.access$000(ParentRunner.java:58)
org.junit.runners.ParentRunner$2.evaluate(ParentRunner.java:268)
cucumber.api.junit.Cucumber$1.evaluate(Cucumber.java:107)
org.junit.runners.ParentRunner.run(ParentRunner.java:363)
org.apache.maven.surefire.junit4.JUnit4Provider.execute(JUnit4Provider.java:283)
org.apache.maven.surefire.junit4.JUnit4Provider.executeWithRerun(JUnit4Provider.java:173)
org.apache.maven.surefire.junit4.JUnit4Provider.executeTestSet(JUnit4Provider.java:153)
org.apache.maven.surefire.junit4.JUnit4Provider.invoke(JUnit4Provider.java:128)
org.apache.maven.surefire.booter.ForkedBooter.invokeProviderInSameClassLoader(ForkedBooter.java:203)
org.apache.maven.surefire.booter.ForkedBooter.runSuitesInProcess(ForkedBooter.java:155)
org.apache.maven.surefire.booter.ForkedBooter.main(ForkedBooter.java:103)

    Quando clicar em entrar         # CRMStepsTest.QuandoCLicarEmEntrar()
      utils.exceptions.ValidateException: The document has been closed. You can't add any Elements.
com.itextpdf.text.Document.add(Document.java:267)
utils.evidencia.Evidencia.insertPrint(Evidencia.java:98)
utils.evidencia.Evidencia.addPrintPassed(Evidencia.java:148)
pageobject.CRMPage.ClickBtnEntrar(CRMPage.java:56)
steps.CRMStepsTest.QuandoCLicarEmEntrar(CRMStepsTest.java:29)
sun.reflect.NativeMethodAccessorImpl.invoke0(Native Method)
sun.reflect.NativeMethodAccessorImpl.invoke(NativeMethodAccessorImpl.java:62)
sun.reflect.DelegatingMethodAccessorImpl.invoke(DelegatingMethodAccessorImpl.java:43)
java.lang.reflect.Method.invoke(Method.java:498)
cucumber.runtime.Utils$1.call(Utils.java:26)
cucumber.runtime.Timeout.timeout(Timeout.java:16)
cucumber.runtime.Utils.invoke(Utils.java:20)
cucumber.runtime.java.JavaStepDefinition.execute(JavaStepDefinition.java:48)
cucumber.runtime.PickleStepDefinitionMatch.runStep(PickleStepDefinitionMatch.java:50)
cucumber.runner.TestStep.executeStep(TestStep.java:55)
cucumber.runner.TestStep.run(TestStep.java:42)
cucumber.runner.PickleStepTestStep.run(PickleStepTestStep.java:53)
cucumber.runner.TestCase.run(TestCase.java:47)
cucumber.runner.Runner.runPickle(Runner.java:44)
cucumber.runtime.junit.PickleRunners$NoStepDescriptions.run(PickleRunners.java:140)
cucumber.runtime.junit.FeatureRunner.runChild(FeatureRunner.java:68)
cucumber.runtime.junit.FeatureRunner.runChild(FeatureRunner.java:23)
org.junit.runners.ParentRunner$3.run(ParentRunner.java:290)
org.junit.runners.ParentRunner$1.schedule(ParentRunner.java:71)
org.junit.runners.ParentRunner.runChildren(ParentRunner.java:288)
org.junit.runners.ParentRunner.access$000(ParentRunner.java:58)
org.junit.runners.ParentRunner$2.evaluate(ParentRunner.java:268)
org.junit.runners.ParentRunner.run(ParentRunner.java:363)
cucumber.runtime.junit.FeatureRunner.run(FeatureRunner.java:73)
cucumber.api.junit.Cucumber.runChild(Cucumber.java:98)
cucumber.api.junit.Cucumber.runChild(Cucumber.java:55)
org.junit.runners.ParentRunner$3.run(ParentRunner.java:290)
org.junit.runners.ParentRunner$1.schedule(ParentRunner.java:71)
org.junit.runners.ParentRunner.runChildren(ParentRunner.java:288)
org.junit.runners.ParentRunner.access$000(ParentRunner.java:58)
org.junit.runners.ParentRunner$2.evaluate(ParentRunner.java:268)
cucumber.api.junit.Cucumber$1.evaluate(Cucumber.java:107)
org.junit.runners.ParentRunner.run(ParentRunner.java:363)
org.apache.maven.surefire.junit4.JUnit4Provider.execute(JUnit4Provider.java:283)
org.apache.maven.surefire.junit4.JUnit4Provider.executeWithRerun(JUnit4Provider.java:173)
org.apache.maven.surefire.junit4.JUnit4Provider.executeTestSet(JUnit4Provider.java:153)
org.apache.maven.surefire.junit4.JUnit4Provider.invoke(JUnit4Provider.java:128)
org.apache.maven.surefire.booter.ForkedBooter.invokeProviderInSameClassLoader(ForkedBooter.java:203)
org.apache.maven.surefire.booter.ForkedBooter.runSuitesInProcess(ForkedBooter.java:155)
org.apache.maven.surefire.booter.ForkedBooter.main(ForkedBooter.java:103)

	at utils.exceptions.ExceptionUtils.throwException(ExceptionUtils.java:19)
	at utils.evidencia.Evidencia.insertPrint(Evidencia.java:100)
	at utils.evidencia.Evidencia.addPrintPassed(Evidencia.java:148)
	at pageobject.CRMPage.ClickBtnEntrar(CRMPage.java:56)
	at steps.CRMStepsTest.QuandoCLicarEmEntrar(CRMStepsTest.java:29)
	at ?.clicar em entrar(features/feature/CRM.feature:12)


  @CRMOcorrencia
  Cenario: Criar ocorrencia Secundaria                                                         # features/feature/CRM.feature:27
    Dado que pesquise o Associado 399518230                                                    # CRMProtocoloSteps.QuePesquiseoAssociado(String)
    Quando clicar no associado                                                                 # CRMProtocoloSteps.ClicarNoAssociado()
    E aceitar a geraçao do protocolo                                                           # CRMProtocoloSteps.AceitarGeracaoProtocolo()
    Quando preencher o Canal de atendimento com CAR                                            # CRMProtocoloSteps.PreencherCanalAtendimento(String)
    E preencher outras informações como 1188778856 ou thiagoTeste@gmail.com e clicar em salvar # CRMProtocoloSteps.PreencherInformacoes(String,String)
    Então sistema ira gerar um protocolo                                                       # CRMProtocoloSteps.SistemaGeraProtocolo()
    Quando preencher o canal  com CAR novamente e clicar em Salvar                             # CRMOcorrenciaSteps.PreencherCanalAtendimento(String)
]]></system-out>
    <system-err><![CDATA[Starting ChromeDriver 2.42.591088 (7b2b2dca23cca0862f674758c9a3933e685c27d5) on port 9751
Only local connections are allowed.
set 20, 2019 12:11:23 PM org.openqa.selenium.remote.ProtocolHandshake createSession
INFORMAÇÕES: Detected dialect: OSS
]]></system-err>
  </testcase>
</testsuite>